

*******************************************************************************
Thu Apr  2 15:54:37 2020


FIT:    data read from "mean.txt" u 0:2
        format = x:z
BREAK: No data to fit

*******************************************************************************
Thu Apr  2 15:54:37 2020


FIT:    data read from "mean_squared.txt" u 0:2
        format = x:z
BREAK: No data to fit

*******************************************************************************
Thu Apr  2 16:00:55 2020


FIT:    data read from "mean.txt" u 0:2
        format = x:z
BREAK: No data to fit

*******************************************************************************
Thu Apr  2 16:00:55 2020


FIT:    data read from "mean_squared.txt" u 0:2
        format = x:z
BREAK: No data to fit

*******************************************************************************
Thu Apr  2 16:09:13 2020


FIT:    data read from "mean.txt" u 0:2
        format = x:z
BREAK: No data to fit

*******************************************************************************
Thu Apr  2 16:09:13 2020


FIT:    data read from "mean_squared.txt" u 0:2
        format = x:z
BREAK: No data to fit